TN:
SF:src/index.ts
FN:5,(anonymous_1)
FN:12,getDataForZipCode
FN:15,(anonymous_3)
FN:24,getSubDistrictNames
FN:27,(anonymous_5)
FN:36,getDistrictNames
FN:39,(anonymous_7)
FN:48,getProvinceName
FN:59,getAutoSuggestion
FN:87,(anonymous_10)
FN:96,(anonymous_11)
FN:101,(anonymous_12)
FN:117,getAllData
FNF:13
FNH:13
FNDA:978,(anonymous_1)
FNDA:13,getDataForZipCode
FNDA:250,(anonymous_3)
FNDA:2,getSubDistrictNames
FNDA:9,(anonymous_5)
FNDA:1,getDistrictNames
FNDA:2,(anonymous_7)
FNDA:4,getProvinceName
FNDA:3,getAutoSuggestion
FNDA:9,(anonymous_10)
FNDA:1,(anonymous_11)
FNDA:2,(anonymous_12)
FNDA:1,getAllData
DA:1,1
DA:4,1
DA:5,978
DA:12,1
DA:13,13
DA:14,13
DA:15,250
DA:24,1
DA:25,2
DA:26,2
DA:27,9
DA:36,1
DA:37,1
DA:38,1
DA:39,2
DA:48,1
DA:49,4
DA:50,4
DA:59,1
DA:63,3
DA:65,3
DA:66,1
DA:74,2
DA:75,2
DA:76,0
DA:84,2
DA:85,1
DA:87,9
DA:95,1
DA:96,1
DA:99,1
DA:101,2
DA:105,1
DA:117,1
DA:118,1
DA:122,1
LF:36
LH:35
BRDA:14,0,0,10
BRDA:14,0,1,3
BRDA:14,1,0,13
BRDA:14,1,1,13
BRDA:14,1,2,13
BRDA:15,2,0,10
BRDA:15,2,1,0
BRDA:26,3,0,1
BRDA:26,3,1,1
BRDA:38,4,0,1
BRDA:38,4,1,0
BRDA:50,5,0,3
BRDA:50,5,1,1
BRDA:50,6,0,3
BRDA:50,6,1,0
BRDA:50,7,0,3
BRDA:50,7,1,3
BRDA:50,8,0,0
BRDA:50,8,1,3
BRDA:50,9,0,3
BRDA:50,9,1,3
BRDA:65,10,0,1
BRDA:65,10,1,2
BRDA:65,11,0,3
BRDA:65,11,1,3
BRDA:65,11,2,3
BRDA:75,12,0,0
BRDA:75,12,1,2
BRDA:84,13,0,1
BRDA:84,13,1,1
BRDA:99,14,0,1
BRDA:99,14,1,0
BRDA:100,15,0,1
BRDA:100,15,1,0
BRDA:100,16,0,1
BRDA:100,16,1,1
BRDA:100,17,0,0
BRDA:100,17,1,1
BRDA:100,18,0,1
BRDA:100,18,1,1
BRF:40
BRH:32
end_of_record
